Mdi:ArrangeIcons
wm geometry . 900x785+-9+76
Mdi:ArrangeIcons
wm geometry . 960x1070+0+28
ScopeSigMgr:loadpffile /nfs/stak/students/m/morriluk/ece422/CommSource/CommSource.sw0 1 openonly
# PF:1
wm geometry .sigmgr._PF:1 231x341+934+595
wm geometry .sigmgr._PF:1 231x341+925+595
wm geometry .sigmgr._PF:1 231x341+898+595
wm geometry .sigmgr._PF:1 231x341+859+595
wm geometry .sigmgr._PF:1 231x341+811+595
wm geometry .sigmgr._PF:1 231x341+757+595
wm geometry .sigmgr._PF:1 231x341+718+595
wm geometry .sigmgr._PF:1 231x341+646+595
wm geometry .sigmgr._PF:1 231x341+620+595
wm geometry .sigmgr._PF:1 231x341+602+595
wm geometry .sigmgr._PF:1 231x341+591+595
wm geometry .sigmgr._PF:1 231x341+581+595
wm geometry .sigmgr._PF:1 231x341+566+593
wm geometry .sigmgr._PF:1 231x341+548+589
wm geometry .sigmgr._PF:1 231x341+532+584
wm geometry .sigmgr._PF:1 231x341+516+580
wm geometry .sigmgr._PF:1 231x341+508+577
wm geometry .sigmgr._PF:1 231x341+507+576
wm geometry .sigmgr._PF:1 231x341+507+575
wm geometry .sigmgr._PF:1 231x341+507+569
wm geometry .sigmgr._PF:1 231x341+507+562
wm geometry .sigmgr._PF:1 231x341+510+554
wm geometry .sigmgr._PF:1 231x341+518+542
wm geometry .sigmgr._PF:1 231x341+526+530
wm geometry .sigmgr._PF:1 231x341+535+521
wm geometry .sigmgr._PF:1 231x341+546+513
wm geometry .sigmgr._PF:1 231x341+560+509
wm geometry .sigmgr._PF:1 231x341+575+504
wm geometry .sigmgr._PF:1 231x341+586+499
wm geometry .sigmgr._PF:1 231x341+596+494
wm geometry .sigmgr._PF:1 231x341+599+493
wm geometry .sigmgr._PF:1 231x341+600+492
pf:read PF:1 i(vdd)
# WF:1:1
Graph addsignal WF:1:1 -region new -yview real(y) -xview real(x) -tracehi 2
# Signal0
pf:read PF:1 i(vin)
# WF:1:2
Graph addsignal WF:1:2 -region new -yview real(y) -xview real(x) -tracehi 2
# Signal1
wm geometry .sigmgr._PF:1 231x341+609+500
ScopeSigMgr:loadpffile /nfs/stak/students/m/morriluk/ece422/CommSource/CommSource.sw0 1 replace
# PF:1
GrXY:NewGraph
# Graph1
pf:read PF:1 i(vin)
# WF:1:2
Graph addsignal WF:1:2 -region new -yview real(y) -xview real(x) -tracehi 2
# Signal0
pf:read PF:1 v(0)
# WF:1:3
Graph addsignal WF:1:3 -region new -yview real(y) -xview real(x) -tracehi 2
# Signal1
pf:read PF:1 v(vd)
# WF:1:4
Graph addsignal WF:1:4 -region new -yview real(y) -xview real(x) -tracehi 2
# Signal2
pf:read PF:1 v(vg)
# WF:1:5
Graph addsignal WF:1:5 -region new -yview real(y) -xview real(x) -tracehi 2
# Signal3
pf:read PF:1 v(vout)
# WF:1:6
Graph addsignal WF:1:6 -region new -yview real(y) -xview real(x) -tracehi 2
# Signal4
pf:read PF:1 i(vdd)
# WF:1:1
Graph addsignal WF:1:1 -region new -yview real(y) -xview real(x) -tracehi 2
# Signal5
pf:read PF:1 v(0)
# WF:1:3
Graph addsignal WF:1:3 -region new -yview real(y) -xview real(x) -tracehi 2
# Signal6
Graph:DSel
Graph:Select Graph1
Graph:DSel
Graph itemselect AxisX(0) add
# AxisX(0)
Graph:DSel
wm geometry .sigmgr._PF:1 231x341+609+500
